<?xml version="1.0" encoding="UTF-8"?>
<testsuite name="JCoinche.Server.JCoincheTest" tests="1" skipped="0" failures="0" errors="0" timestamp="2016-11-11T17:48:17" hostname="LIEGEM-PC" time="0.003">
  <properties/>
  <testcase name="testProgram" classname="JCoinche.Server.JCoincheTest" time="0.003"/>
  <system-out><![CDATA[]]></system-out>
  <system-err><![CDATA[]]></system-err>
</testsuite>
