<?xml version="1.0" encoding="UTF-8"?>
<testsuite name="com.jcoinche.server.game.PlayerTest" tests="5" skipped="0" failures="0" errors="0" timestamp="2016-11-26T17:36:24" hostname="LIEGEM-PC" time="0.002">
  <properties/>
  <testcase name="testGetCall" classname="com.jcoinche.server.game.PlayerTest" time="0.0"/>
  <testcase name="testIsPlaying" classname="com.jcoinche.server.game.PlayerTest" time="0.0"/>
  <testcase name="testIndexByValues" classname="com.jcoinche.server.game.PlayerTest" time="0.0"/>
  <testcase name="testIsOwner" classname="com.jcoinche.server.game.PlayerTest" time="0.0"/>
  <testcase name="testIndexByValue" classname="com.jcoinche.server.game.PlayerTest" time="0.001"/>
  <system-out><![CDATA[]]></system-out>
  <system-err><![CDATA[]]></system-err>
</testsuite>
