<?xml version="1.0" encoding="UTF-8"?>
<testsuite name="com.jcoinche.server.core.MessageHandlerTest" tests="4" skipped="0" failures="0" errors="0" timestamp="2016-11-26T17:36:22" hostname="LIEGEM-PC" time="0.106">
  <properties/>
  <testcase name="testAddInRoomAlreadyAdded" classname="com.jcoinche.server.core.MessageHandlerTest" time="0.103"/>
  <testcase name="testAddInRoom" classname="com.jcoinche.server.core.MessageHandlerTest" time="0.002"/>
  <testcase name="testWelcomeClientWithoutRooms" classname="com.jcoinche.server.core.MessageHandlerTest" time="0.001"/>
  <testcase name="testWelcomeClient" classname="com.jcoinche.server.core.MessageHandlerTest" time="0.0"/>
  <system-out><![CDATA[]]></system-out>
  <system-err><![CDATA[]]></system-err>
</testsuite>
