<?xml version="1.0" encoding="UTF-8"?>
<testsuite name="JCoinche.Client.JCoincheTest" tests="1" skipped="0" failures="0" errors="0" timestamp="2016-11-23T22:18:24" hostname="LIEGEM-PC" time="0.002">
  <properties/>
  <testcase name="testProgram" classname="JCoinche.Client.JCoincheTest" time="0.002"/>
  <system-out><![CDATA[]]></system-out>
  <system-err><![CDATA[]]></system-err>
</testsuite>
